<html>
<head>
<title>TestNG:  Test</title>
<link href="../testng.css" rel="stylesheet" type="text/css" />
<link href="../my-testng.css" rel="stylesheet" type="text/css" />

<style type="text/css">
.log { display: none;} 
.stack-trace { display: none;} 
</style>
<script type="text/javascript">
<!--
function flip(e) {
  current = e.style.display;
  if (current == 'block') {
    e.style.display = 'none';
    return 0;
  }
  else {
    e.style.display = 'block';
    return 1;
  }
}

function toggleBox(szDivId, elem, msg1, msg2)
{
  var res = -1;  if (document.getElementById) {
    res = flip(document.getElementById(szDivId));
  }
  else if (document.all) {
    // this is the way old msie versions work
    res = flip(document.all[szDivId]);
  }
  if(elem) {
    if(res == 0) elem.innerHTML = msg1; else elem.innerHTML = msg2;
  }

}

function toggleAllBoxes() {
  if (document.getElementsByTagName) {
    d = document.getElementsByTagName('div');
    for (i = 0; i < d.length; i++) {
      if (d[i].className == 'log') {
        flip(d[i]);
      }
    }
  }
}

// -->
</script>

</head>
<body>
<h2 align='center'>Test</h2><table border='1' align="center">
<tr>
<td>Tests passed/Failed/Skipped:</td><td>4/2/0</td>
</tr><tr>
<td>Started on:</td><td>Sun Jan 02 22:54:11 IST 2022</td>
</tr>
<tr><td>Total time:</td><td>409 seconds (409182 ms)</td>
</tr><tr>
<td>Included groups:</td><td></td>
</tr><tr>
<td>Excluded groups:</td><td></td>
</tr>
</table><p/>
<small><i>(Hover the method name to see the test class name)</i></small><p/>
<table width='100%' border='1' class='invocation-failed'>
<tr><td colspan='4' align='center'><b>FAILED TESTS</b></td></tr>
<tr><td><b>Test method</b></td>
<td width="30%"><b>Exception</b></td>
<td width="10%"><b>Time (seconds)</b></td>
<td><b>Instance</b></td>
</tr>
<tr>
<td title='docters.ValidatingThePopularCityOptions.printDermotologyDoctersDetails()'><b>printDermotologyDoctersDetails</b><br>Test class: docters.ValidatingThePopularCityOptions</td>
<td><div><pre>java.lang.IndexOutOfBoundsException: Index 96 out-of-bounds for length 96
	at java.base/jdk.internal.util.Preconditions.outOfBounds(Preconditions.java:64)
	at java.base/jdk.internal.util.Preconditions.outOfBoundsCheckIndex(Preconditions.java:70)
	at java.base/jdk.internal.util.Preconditions.checkIndex(Preconditions.java:248)
	at java.base/java.util.Objects.checkIndex(Objects.java:372)
	at java.base/java.util.ArrayList.get(ArrayList.java:440)
	at org.openqa.selenium.support.pagefactory.internal.LocatingElementListHandler.invoke(LocatingElementListHandler.java:40)
	at com.sun.proxy.$Proxy34.get(Unknown Source)
	at pageClasses.DoctersListPage.collectingDoctorsDetails(DoctersListPage.java:119)
	at pageClasses.DoctersListPage.printDocterDetails(DoctersListPage.java:156)
	at docters.ValidatingThePopularCityOptions.printDermotologyDoctersDetails(ValidatingThePopularCityOptions.java:57)
	at java.base/java.util.concurrent.ThreadPoolExecutor.runWorker(ThreadPoolExecutor.java:1135)
	at java.base/java.util.concurrent.ThreadPoolExecutor$Worker.run(ThreadPoolExecutor.java:635)
	at java.base/java.lang.Thread.run(Thread.java:844)
... Removed 13 stack frames</pre></div><a href='#' onClick='toggleBox("stack-trace1193088078", this, "Click to show all stack frames", "Click to hide stack frames")'>Click to show all stack frames</a>
<div class='stack-trace' id='stack-trace1193088078'><pre>java.lang.IndexOutOfBoundsException: Index 96 out-of-bounds for length 96
	at java.base/jdk.internal.util.Preconditions.outOfBounds(Preconditions.java:64)
	at java.base/jdk.internal.util.Preconditions.outOfBoundsCheckIndex(Preconditions.java:70)
	at java.base/jdk.internal.util.Preconditions.checkIndex(Preconditions.java:248)
	at java.base/java.util.Objects.checkIndex(Objects.java:372)
	at java.base/java.util.ArrayList.get(ArrayList.java:440)
	at java.base/jdk.internal.reflect.GeneratedMethodAccessor4.invoke(Unknown Source)
	at java.base/jdk.internal.reflect.DelegatingMethodAccessorImpl.invoke(DelegatingMethodAccessorImpl.java:43)
	at java.base/java.lang.reflect.Method.invoke(Method.java:564)
	at org.openqa.selenium.support.pagefactory.internal.LocatingElementListHandler.invoke(LocatingElementListHandler.java:40)
	at com.sun.proxy.$Proxy34.get(Unknown Source)
	at pageClasses.DoctersListPage.collectingDoctorsDetails(DoctersListPage.java:119)
	at pageClasses.DoctersListPage.printDocterDetails(DoctersListPage.java:156)
	at docters.ValidatingThePopularCityOptions.printDermotologyDoctersDetails(ValidatingThePopularCityOptions.java:57)
	at java.base/jdk.internal.reflect.NativeMethodAccessorImpl.invoke0(Native Method)
	at java.base/jdk.internal.reflect.NativeMethodAccessorImpl.invoke(NativeMethodAccessorImpl.java:62)
	at java.base/jdk.internal.reflect.DelegatingMethodAccessorImpl.invoke(DelegatingMethodAccessorImpl.java:43)
	at java.base/java.lang.reflect.Method.invoke(Method.java:564)
	at org.testng.internal.MethodInvocationHelper.invokeMethod(MethodInvocationHelper.java:124)
	at org.testng.internal.Invoker.invokeMethod(Invoker.java:580)
	at org.testng.internal.Invoker.invokeTestMethod(Invoker.java:716)
	at org.testng.internal.Invoker.invokeTestMethods(Invoker.java:988)
	at org.testng.internal.TestMethodWorker.invokeTestMethods(TestMethodWorker.java:125)
	at org.testng.internal.TestMethodWorker.run(TestMethodWorker.java:109)
	at java.base/java.util.concurrent.ThreadPoolExecutor.runWorker(ThreadPoolExecutor.java:1135)
	at java.base/java.util.concurrent.ThreadPoolExecutor$Worker.run(ThreadPoolExecutor.java:635)
	at java.base/java.lang.Thread.run(Thread.java:844)
</pre></div></td>
<td>60</td>
<td>docters.ValidatingThePopularCityOptions@2b491fee</td></tr>
<tr>
<td title='docters.ValidatingThePopularCityOptions.verifyingTheResultsOfCitysButton()'><b>verifyingTheResultsOfCitysButton</b><br>Test class: docters.ValidatingThePopularCityOptions</td>
<td><div><pre>java.lang.AssertionError: expected [true] but found [false]
	at pageClasses.DoctersListPage.compareLocation(DoctersListPage.java:152)
	at docters.ValidatingThePopularCityOptions.verifyingTheResultsOfCitysButton(ValidatingThePopularCityOptions.java:67)
	at java.base/java.util.concurrent.ThreadPoolExecutor.runWorker(ThreadPoolExecutor.java:1135)
	at java.base/java.util.concurrent.ThreadPoolExecutor$Worker.run(ThreadPoolExecutor.java:635)
	at java.base/java.lang.Thread.run(Thread.java:844)
... Removed 16 stack frames</pre></div><a href='#' onClick='toggleBox("stack-trace62348130", this, "Click to show all stack frames", "Click to hide stack frames")'>Click to show all stack frames</a>
<div class='stack-trace' id='stack-trace62348130'><pre>java.lang.AssertionError: expected [true] but found [false]
	at org.testng.Assert.fail(Assert.java:96)
	at org.testng.Assert.failNotEquals(Assert.java:776)
	at org.testng.Assert.assertEqualsImpl(Assert.java:137)
	at org.testng.Assert.assertEquals(Assert.java:118)
	at org.testng.Assert.assertEquals(Assert.java:568)
	at org.testng.Assert.assertEquals(Assert.java:578)
	at pageClasses.DoctersListPage.compareLocation(DoctersListPage.java:152)
	at docters.ValidatingThePopularCityOptions.verifyingTheResultsOfCitysButton(ValidatingThePopularCityOptions.java:67)
	at java.base/jdk.internal.reflect.NativeMethodAccessorImpl.invoke0(Native Method)
	at java.base/jdk.internal.reflect.NativeMethodAccessorImpl.invoke(NativeMethodAccessorImpl.java:62)
	at java.base/jdk.internal.reflect.DelegatingMethodAccessorImpl.invoke(DelegatingMethodAccessorImpl.java:43)
	at java.base/java.lang.reflect.Method.invoke(Method.java:564)
	at org.testng.internal.MethodInvocationHelper.invokeMethod(MethodInvocationHelper.java:124)
	at org.testng.internal.Invoker.invokeMethod(Invoker.java:580)
	at org.testng.internal.Invoker.invokeTestMethod(Invoker.java:716)
	at org.testng.internal.Invoker.invokeTestMethods(Invoker.java:988)
	at org.testng.internal.TestMethodWorker.invokeTestMethods(TestMethodWorker.java:125)
	at org.testng.internal.TestMethodWorker.run(TestMethodWorker.java:109)
	at java.base/java.util.concurrent.ThreadPoolExecutor.runWorker(ThreadPoolExecutor.java:1135)
	at java.base/java.util.concurrent.ThreadPoolExecutor$Worker.run(ThreadPoolExecutor.java:635)
	at java.base/java.lang.Thread.run(Thread.java:844)
</pre></div></td>
<td>112</td>
<td>docters.ValidatingThePopularCityOptions@2b491fee</td></tr>
</table><p>
<table width='100%' border='1' class='invocation-passed'>
<tr><td colspan='4' align='center'><b>PASSED TESTS</b></td></tr>
<tr><td><b>Test method</b></td>
<td width="30%"><b>Exception</b></td>
<td width="10%"><b>Time (seconds)</b></td>
<td><b>Instance</b></td>
</tr>
<tr>
<td title='pharmacy.ValidatingTheHalfPriceStoreFunctionality.addToCartByProductName()'><b>addToCartByProductName</b><br>Test class: pharmacy.ValidatingTheHalfPriceStoreFunctionality</td>
<td></td>
<td>6</td>
<td>pharmacy.ValidatingTheHalfPriceStoreFunctionality@1c55f277</td></tr>
<tr>
<td title='pharmacy.ValidatingTheHalfPriceStoreFunctionality.checkingTheFunctionalityOfNextSymbol()'><b>checkingTheFunctionalityOfNextSymbol</b><br>Test class: pharmacy.ValidatingTheHalfPriceStoreFunctionality</td>
<td></td>
<td>6</td>
<td>pharmacy.ValidatingTheHalfPriceStoreFunctionality@1c55f277</td></tr>
<tr>
<td title='docters.ValidatingThePopularCityOptions.checkingTheResultsOFCityOptionInDoctersListPage()'><b>checkingTheResultsOFCityOptionInDoctersListPage</b><br>Test class: docters.ValidatingThePopularCityOptions</td>
<td></td>
<td>25</td>
<td>docters.ValidatingThePopularCityOptions@2b491fee</td></tr>
<tr>
<td title='pharmacy.ValidatingTheFunctionalityOfAddToCartInPharmacy.clickOnAddToCart()'><b>clickOnAddToCart</b><br>Test class: pharmacy.ValidatingTheFunctionalityOfAddToCartInPharmacy</td>
<td></td>
<td>7</td>
<td>pharmacy.ValidatingTheFunctionalityOfAddToCartInPharmacy@3f1c5af9</td></tr>
</table><p>
</body>
</html>