<?xml version="1.0" encoding="UTF-8"?>
<!-- Generated by org.testng.reporters.JUnitXMLReporter -->
<testsuite ignored="1" hostname="Navneeth" failures="2" tests="6" name="Test" time="409.182" errors="0" timestamp="02 Jan 2022 17:31:01 GMT">
  <testcase classname="pharmacy.ValidatingTheHalfPriceStoreFunctionality" name="addToCartByProductName" time="6.109"/>
  <testcase classname="pharmacy.ValidatingTheFunctionalityOfAddToCartInPharmacy" name="clickOnAddToCart" time="7.508"/>
  <testcase classname="docters.ValidatingThePopularCityOptions" name="checkingTheResultsOFCityOptionInDoctersListPage" time="25.906"/>
  <testcase classname="pharmacy.ValidatingTheHalfPriceStoreFunctionality" name="checkingTheFunctionalityOfNextSymbol" time="6.005"/>
  <testcase classname="docters.ValidatingThePopularCityOptions" name="printDermotologyDoctersDetails" time="60.039">
    <failure type="java.lang.IndexOutOfBoundsException" message="Index 96 out-of-bounds for length 96">
      <![CDATA[java.lang.IndexOutOfBoundsException: Index 96 out-of-bounds for length 96
at java.base/jdk.internal.util.Preconditions.outOfBounds(Preconditions.java:64)
at java.base/jdk.internal.util.Preconditions.outOfBoundsCheckIndex(Preconditions.java:70)
at java.base/jdk.internal.util.Preconditions.checkIndex(Preconditions.java:248)
at java.base/java.util.Objects.checkIndex(Objects.java:372)
at java.base/java.util.ArrayList.get(ArrayList.java:440)
at org.openqa.selenium.support.pagefactory.internal.LocatingElementListHandler.invoke(LocatingElementListHandler.java:40)
at com.sun.proxy.$Proxy34.get(Unknown Source)
at pageClasses.DoctersListPage.collectingDoctorsDetails(DoctersListPage.java:119)
at pageClasses.DoctersListPage.printDocterDetails(DoctersListPage.java:156)
at docters.ValidatingThePopularCityOptions.printDermotologyDoctersDetails(ValidatingThePopularCityOptions.java:57)
at java.base/java.util.concurrent.ThreadPoolExecutor.runWorker(ThreadPoolExecutor.java:1135)
at java.base/java.util.concurrent.ThreadPoolExecutor$Worker.run(ThreadPoolExecutor.java:635)
at java.base/java.lang.Thread.run(Thread.java:844)
... Removed 13 stack frames]]>
    </failure>
  </testcase> <!-- printDermotologyDoctersDetails -->
  <testcase classname="docters.ValidatingThePopularCityOptions" name="verifyingTheResultsOfCitysButton" time="112.087">
    <failure type="java.lang.AssertionError" message="expected [true] but found [false]">
      <![CDATA[java.lang.AssertionError: expected [true] but found [false]
at pageClasses.DoctersListPage.compareLocation(DoctersListPage.java:152)
at docters.ValidatingThePopularCityOptions.verifyingTheResultsOfCitysButton(ValidatingThePopularCityOptions.java:67)
at java.base/java.util.concurrent.ThreadPoolExecutor.runWorker(ThreadPoolExecutor.java:1135)
at java.base/java.util.concurrent.ThreadPoolExecutor$Worker.run(ThreadPoolExecutor.java:635)
at java.base/java.lang.Thread.run(Thread.java:844)
... Removed 16 stack frames]]>
    </failure>
  </testcase> <!-- verifyingTheResultsOfCitysButton -->
  <testcase classname="docters.ValidatingThePopularCityOptions" name="chekingTheFunctionalityOfCityButtons" time="0.0">
    <ignored/>
  </testcase> <!-- chekingTheFunctionalityOfCityButtons -->
</testsuite> <!-- Test -->
